[22:46:33] [main/INFO] (FabricLoader/GameProvider) Loading Minecraft 1.20.2 with Fabric Loader 0.14.23
[22:46:34] [main/INFO] (FabricLoader) Loading 57 mods:
	- ctlibfabric 0.0.4
	- fabric-api 0.90.0+1.20.2
	- fabric-api-base 0.4.33+fce67b32a0
	- fabric-api-lookup-api-v1 1.6.41+fce67b32a0
	- fabric-biome-api-v1 13.0.12+d9a2869ba0
	- fabric-block-api-v1 1.0.12+73761d2ea0
	- fabric-block-view-api-v2 1.0.1+73761d2ea0
	- fabric-blockrenderlayer-v1 1.1.43+f4b7e424a0
	- fabric-client-tags-api-v1 1.1.4+86b12645a0
	- fabric-command-api-v1 1.2.36+f71b366fa0
	- fabric-command-api-v2 2.2.15+86b12645a0
	- fabric-commands-v0 0.2.53+df3654b3a0
	- fabric-containers-v0 0.1.72+df3654b3a0
	- fabric-content-registries-v0 5.0.4+285022b3a0
	- fabric-convention-tags-v1 1.5.7+f4b7e424a0
	- fabric-crash-report-info-v1 0.2.20+f4b7e424a0
	- fabric-data-generation-api-v1 13.1.2+d19c4129a0
	- fabric-dimensions-v1 2.1.56+b1229956a0
	- fabric-entity-events-v1 1.5.25+f4b7e424a0
	- fabric-events-interaction-v0 0.6.9+daef22a2a0
	- fabric-events-lifecycle-v0 0.2.68+df3654b3a0
	- fabric-game-rule-api-v1 1.0.40+f4b7e424a0
	- fabric-gametest-api-v1 1.2.15+86b12645a0
	- fabric-item-api-v1 2.1.32+43511215a0
	- fabric-item-group-api-v1 4.0.13+f4b7e424a0
	- fabric-key-binding-api-v1 1.0.38+f4b7e424a0
	- fabric-keybindings-v0 0.2.36+df3654b3a0
	- fabric-lifecycle-events-v1 2.2.26+3bafade3a0
	- fabric-loot-api-v2 2.0.2+0ba8e9cea0
	- fabric-message-api-v1 6.0.1+e982ae85a0
	- fabric-mining-level-api-v1 2.1.54+f4b7e424a0
	- fabric-model-loading-api-v1 1.0.5+f4b7e424a0
	- fabric-models-v0 0.4.4+9386d8a7a0
	- fabric-networking-api-v1 3.0.8+b18afef3a0
	- fabric-object-builder-api-v1 12.1.1+b1b4f7b0a0
	- fabric-particles-v1 1.1.4+f4b7e424a0
	- fabric-recipe-api-v1 2.0.5+96509552a0
	- fabric-registry-sync-v0 4.0.3+34a3e0e2a0
	- fabric-renderer-api-v1 3.2.1+2034447ca0
	- fabric-renderer-indigo 1.5.1+2034447ca0
	- fabric-renderer-registries-v1 3.2.48+df3654b3a0
	- fabric-rendering-data-attachment-v1 0.3.39+73761d2ea0
	- fabric-rendering-fluids-v1 3.0.30+f4b7e424a0
	- fabric-rendering-v0 1.1.51+df3654b3a0
	- fabric-rendering-v1 3.0.10+86b12645a0
	- fabric-resource-conditions-api-v1 2.3.9+43511215a0
	- fabric-resource-loader-v0 0.11.11+86b12645a0
	- fabric-screen-api-v1 2.0.11+0ba8e9cea0
	- fabric-screen-handler-api-v1 1.3.38+86b12645a0
	- fabric-sound-api-v1 1.0.14+f4b7e424a0
	- fabric-transfer-api-v1 3.3.8+109a65e5a0
	- fabric-transitive-access-wideners-v1 5.0.3+fce67b32a0
	- fabricloader 0.14.23
	- java 17
	- minecraft 1.20.2
	- modmenu 8.0.0
	- tonekofabric 0.0.7
[22:46:42] [main/INFO] (FabricLoader/Mixin) SpongePowered MIXIN Subsystem Version=0.8.5 Source=file:/home/crystalneko/.gradle/caches/modules-2/files-2.1/net.fabricmc/sponge-mixin/0.12.5+mixin.0.8.5/8d31fb97c3e0cd7c8dad3441851c523bcfae6d8e/sponge-mixin-0.12.5+mixin.0.8.5.jar Service=Knot/Fabric Env=CLIENT
[22:46:42] [main/INFO] (FabricLoader/Mixin) Loaded Fabric development mappings for mixin remapper!
[22:46:42] [main/INFO] (FabricLoader/Mixin) Compatibility level set to JAVA_16
[22:46:42] [main/INFO] (FabricLoader/Mixin) Compatibility level set to JAVA_17
[22:46:56] [Datafixer Bootstrap/INFO] (Minecraft) 192 Datafixer optimizations took 572 milliseconds
[22:47:02] [Render thread/INFO] (Minecraft) Environment: Environment[accountsHost=https://api.mojang.com, sessionHost=https://sessionserver.mojang.com, servicesHost=https://api.minecraftservices.com, name=PROD]
[22:47:04] [Render thread/ERROR] (Minecraft) Failed to verify authentication
com.mojang.authlib.exceptions.InvalidCredentialsException: Status: 401
	at com.mojang.authlib.exceptions.MinecraftClientHttpException.toAuthenticationException(MinecraftClientHttpException.java:59) ~[authlib-5.0.47.jar:?]
	at com.mojang.authlib.yggdrasil.YggdrasilUserApiService.fetchProperties(YggdrasilUserApiService.java:159) ~[authlib-5.0.47.jar:?]
	at com.mojang.authlib.yggdrasil.YggdrasilUserApiService.<init>(YggdrasilUserApiService.java:53) ~[authlib-5.0.47.jar:?]
	at com.mojang.authlib.yggdrasil.YggdrasilAuthenticationService.createUserApiService(YggdrasilAuthenticationService.java:55) ~[authlib-5.0.47.jar:?]
	at net.minecraft.client.MinecraftClient.createUserApiService(MinecraftClient.java:787) ~[minecraft-merged-project-root-1.20.2-net.fabricmc.yarn.1_20_2.1.20.2+build.4-v2.jar:?]
	at net.minecraft.client.MinecraftClient.<init>(MinecraftClient.java:451) ~[minecraft-merged-project-root-1.20.2-net.fabricmc.yarn.1_20_2.1.20.2+build.4-v2.jar:?]
	at net.minecraft.client.main.Main.main(Main.java:214) ~[minecraft-merged-project-root-1.20.2-net.fabricmc.yarn.1_20_2.1.20.2+build.4-v2.jar:?]
	at net.fabricmc.loader.impl.game.minecraft.MinecraftGameProvider.launch(MinecraftGameProvider.java:468) ~[fabric-loader-0.14.23.jar:?]
	at net.fabricmc.loader.impl.launch.knot.Knot.launch(Knot.java:74) ~[fabric-loader-0.14.23.jar:?]
	at net.fabricmc.loader.impl.launch.knot.KnotClient.main(KnotClient.java:23) ~[fabric-loader-0.14.23.jar:?]
	at net.fabricmc.devlaunchinjector.Main.main(Main.java:86) ~[dev-launch-injector-0.2.1+build.8.jar:?]
Caused by: com.mojang.authlib.exceptions.MinecraftClientHttpException: Status: 401
	at com.mojang.authlib.minecraft.client.MinecraftClient.readInputStream(MinecraftClient.java:100) ~[authlib-5.0.47.jar:?]
	at com.mojang.authlib.minecraft.client.MinecraftClient.get(MinecraftClient.java:57) ~[authlib-5.0.47.jar:?]
	at com.mojang.authlib.yggdrasil.YggdrasilUserApiService.fetchProperties(YggdrasilUserApiService.java:130) ~[authlib-5.0.47.jar:?]
	... 9 more
[22:47:04] [Render thread/INFO] (Minecraft) Setting user: Player922
[22:47:06] [Worker-Main-2/INFO] (Mod Menu/Update Checker) Checking mod updates...
[22:47:06] [Render thread/INFO] (Indigo) [Indigo] Registering Indigo renderer!
[22:47:07] [Render thread/INFO] (Minecraft) Backend library: LWJGL version 3.3.2-snapshot
[22:47:09] [Render thread/INFO] (Minecraft) Reloading ResourceManager: vanilla, fabric (fabric-containers-v0, fabric-events-lifecycle-v0, fabric-key-binding-api-v1, fabric-blockrenderlayer-v1, fabric-crash-report-info-v1, fabric-api, fabric-recipe-api-v1, fabric-api-lookup-api-v1, modmenu, fabric-command-api-v2, fabric-block-api-v1, fabric-events-interaction-v0, fabric-registry-sync-v0, fabric-screen-api-v1, fabric-transitive-access-wideners-v1, fabric-message-api-v1, fabric-keybindings-v0, fabric-rendering-data-attachment-v1, ctlibfabric, fabric-particles-v1, fabric-networking-api-v1, fabric-object-builder-api-v1, fabric-models-v0, fabric-renderer-registries-v1, fabric-renderer-api-v1, fabric-mining-level-api-v1, fabric-rendering-fluids-v1, fabric-rendering-v1, fabric-lifecycle-events-v1, fabric-convention-tags-v1, fabric-block-view-api-v2, fabric-client-tags-api-v1, fabric-screen-handler-api-v1, fabric-dimensions-v1, fabric-commands-v0, fabric-loot-api-v2, fabric-transfer-api-v1, fabric-data-generation-api-v1, fabric-api-base, fabric-rendering-v0, fabric-content-registries-v0, fabric-item-api-v1, fabric-resource-loader-v0, fabric-game-rule-api-v1, fabric-renderer-indigo, fabric-command-api-v1, fabric-biome-api-v1, fabric-sound-api-v1, tonekofabric, fabric-gametest-api-v1, fabric-model-loading-api-v1, fabricloader, fabric-resource-conditions-api-v1, fabric-entity-events-v1, fabric-item-group-api-v1)
[22:47:10] [Worker-Main-3/INFO] (Minecraft) Found unifont_all_no_pua-15.0.06.hex, loading
[22:47:14] [Render thread/INFO] (Minecraft) Stopping!
[22:47:14] [Render thread/ERROR] (Minecraft) Shutdown failure!
java.util.ConcurrentModificationException: null
	at java.util.HashMap.forEach(HashMap.java:1424) ~[?:?]
	at net.minecraft.client.texture.TextureManager.close(TextureManager.java:173) ~[minecraft-merged-project-root-1.20.2-net.fabricmc.yarn.1_20_2.1.20.2+build.4-v2.jar:?]
	at net.minecraft.client.MinecraftClient.close(MinecraftClient.java:1194) ~[minecraft-merged-project-root-1.20.2-net.fabricmc.yarn.1_20_2.1.20.2+build.4-v2.jar:?]
	at net.minecraft.client.MinecraftClient.stop(MinecraftClient.java:1168) ~[minecraft-merged-project-root-1.20.2-net.fabricmc.yarn.1_20_2.1.20.2+build.4-v2.jar:?]
	at net.minecraft.client.main.Main.main(Main.java:269) ~[minecraft-merged-project-root-1.20.2-net.fabricmc.yarn.1_20_2.1.20.2+build.4-v2.jar:?]
	at net.fabricmc.loader.impl.game.minecraft.MinecraftGameProvider.launch(MinecraftGameProvider.java:468) ~[fabric-loader-0.14.23.jar:?]
	at net.fabricmc.loader.impl.launch.knot.Knot.launch(Knot.java:74) ~[fabric-loader-0.14.23.jar:?]
	at net.fabricmc.loader.impl.launch.knot.KnotClient.main(KnotClient.java:23) ~[fabric-loader-0.14.23.jar:?]
	at net.fabricmc.devlaunchinjector.Main.main(Main.java:86) ~[dev-launch-injector-0.2.1+build.8.jar:?]
